Performing C++ SOURCE FILE Test GCC_WORKING_PEDANTIC_SEMICOLON failed with the following output:
Change Dir: /mnt/e/Simulator/ns3/workspace/ns-allinone-3.43/ns-3.43/build/CMakeFiles/CMakeTmp

Run Build Command(s):/usr/bin/ninja cmTC_6e63f && [1/2] Building CXX object CMakeFiles/cmTC_6e63f.dir/src.cxx.o
FAILED: CMakeFiles/cmTC_6e63f.dir/src.cxx.o 
/usr/bin/g++ -DGCC_WORKING_PEDANTIC_SEMICOLON  -Wall -Wpedantic -Werror -fPIE -o CMakeFiles/cmTC_6e63f.dir/src.cxx.o -c /mnt/e/Simulator/ns3/workspace/ns-allinone-3.43/ns-3.43/build/CMakeFiles/CMakeTmp/src.cxx
/mnt/e/Simulator/ns3/workspace/ns-allinone-3.43/ns-3.43/build/CMakeFiles/CMakeTmp/src.cxx:2:30: error: extra ‘;’ [-Werror=pedantic]
    2 |       int test(){ return 0; };
      |                              ^
cc1plus: all warnings being treated as errors
ninja: build stopped: subcommand failed.


Source file was:

      int test(){ return 0; };
      int main(){
        return test();
      }
  
Performing C++ SOURCE FILE Test HAVE_UINT128_T failed with the following output:
Change Dir: /mnt/e/Simulator/ns3/workspace/ns-allinone-3.43/ns-3.43/build/CMakeFiles/CMakeTmp

Run Build Command(s):/usr/bin/ninja cmTC_ff941 && [1/2] Building CXX object CMakeFiles/cmTC_ff941.dir/src.cxx.o
FAILED: CMakeFiles/cmTC_ff941.dir/src.cxx.o 
/usr/bin/g++ -DHAVE_UINT128_T  -fPIE -std=c++2a -o CMakeFiles/cmTC_ff941.dir/src.cxx.o -c /mnt/e/Simulator/ns3/workspace/ns-allinone-3.43/ns-3.43/build/CMakeFiles/CMakeTmp/src.cxx
/mnt/e/Simulator/ns3/workspace/ns-allinone-3.43/ns-3.43/build/CMakeFiles/CMakeTmp/src.cxx: In function ‘int main()’:
/mnt/e/Simulator/ns3/workspace/ns-allinone-3.43/ns-3.43/build/CMakeFiles/CMakeTmp/src.cxx:4:18: error: ‘uint128_t’ was not declared in this scope; did you mean ‘uint32_t’?
    4 |             if ((uint128_t *) 0) return 0;
      |                  ^~~~~~~~~
      |                  uint32_t
/mnt/e/Simulator/ns3/workspace/ns-allinone-3.43/ns-3.43/build/CMakeFiles/CMakeTmp/src.cxx:4:29: error: expected primary-expression before ‘)’ token
    4 |             if ((uint128_t *) 0) return 0;
      |                             ^
/mnt/e/Simulator/ns3/workspace/ns-allinone-3.43/ns-3.43/build/CMakeFiles/CMakeTmp/src.cxx:4:30: error: expected ‘)’ before numeric constant
    4 |             if ((uint128_t *) 0) return 0;
      |                ~             ^~
      |                              )
/mnt/e/Simulator/ns3/workspace/ns-allinone-3.43/ns-3.43/build/CMakeFiles/CMakeTmp/src.cxx:5:25: error: ‘uint128_t’ was not declared in this scope; did you mean ‘uint32_t’?
    5 |             if (sizeof (uint128_t)) return 0;
      |                         ^~~~~~~~~
      |                         uint32_t
ninja: build stopped: subcommand failed.


Source file was:
#include <stdint.h>
       int main()
         {
            if ((uint128_t *) 0) return 0;
            if (sizeof (uint128_t)) return 0;
            return 1;
         }
Determining if the include file net/netmap_user.h exists failed with the following output:
Change Dir: /mnt/e/Simulator/ns3/workspace/ns-allinone-3.43/ns-3.43/build/CMakeFiles/CMakeTmp

Run Build Command(s):/usr/bin/ninja cmTC_93a1e && [1/2] Building C object CMakeFiles/cmTC_93a1e.dir/CheckIncludeFile.c.o
FAILED: CMakeFiles/cmTC_93a1e.dir/CheckIncludeFile.c.o 
/usr/bin/gcc   -fPIE -o CMakeFiles/cmTC_93a1e.dir/CheckIncludeFile.c.o -c /mnt/e/Simulator/ns3/workspace/ns-allinone-3.43/ns-3.43/build/CMakeFiles/CMakeTmp/CheckIncludeFile.c
/mnt/e/Simulator/ns3/workspace/ns-allinone-3.43/ns-3.43/build/CMakeFiles/CMakeTmp/CheckIncludeFile.c:1:10: fatal error: net/netmap_user.h: No such file or directory
    1 | #include <net/netmap_user.h>
      |          ^~~~~~~~~~~~~~~~~~~
compilation terminated.
ninja: build stopped: subcommand failed.



